<?xml version="1.0" encoding="UTF-8"?>
<testsuite name="com.project.MovieReviewer.controller.UserControllerIT" tests="2" skipped="0" failures="0" errors="0" timestamp="2025-06-22T14:40:26.259Z" hostname="Mircea" time="0.473">
  <properties/>
  <testcase name="getMyReviews_WhenNoneExist_ShouldReturnEmpty()" classname="com.project.MovieReviewer.controller.UserControllerIT" time="0.135"/>
  <testcase name="getUpdateAndDeleteUserProfile_Flow()" classname="com.project.MovieReviewer.controller.UserControllerIT" time="0.337"/>
  <system-out><![CDATA[Hibernate: select u1_0.id,u1_0.email,u1_0.password from users u1_0 where u1_0.email=?
Hibernate: select r1_0.id,r1_0.name from role r1_0 where r1_0.name=?
Hibernate: insert into users (email,password,id) values (?,?,default)
Hibernate: select u1_0.id,u1_0.email,u1_0.password from users u1_0 where u1_0.email=?
Hibernate: select u1_0.id,u1_0.email,u1_0.password from users u1_0 where u1_0.email=?
Hibernate: select u1_0.id,u1_0.email,u1_0.password from users u1_0 where u1_0.email=?
Hibernate: insert into user_profile (bio,created_at,first_name,last_name,username,id) values (?,?,?,?,?,?)
Hibernate: insert into user_role (user_id,role_id) values (?,?)
Hibernate: select r1_0.id,r1_0.content,r1_0.movie_id,r1_0.rating,r1_0.user_id from reviews r1_0 where r1_0.user_id=?
Hibernate: select u1_0.id,u1_0.email,u1_0.password from users u1_0 where u1_0.email=?
Hibernate: select r1_0.id,r1_0.name from role r1_0 where r1_0.name=?
Hibernate: insert into users (email,password,id) values (?,?,default)
Hibernate: select u1_0.id,u1_0.email,u1_0.password from users u1_0 where u1_0.email=?
Hibernate: select u1_0.id,u1_0.email,u1_0.password from users u1_0 where u1_0.email=?
Hibernate: select u1_0.id,u1_0.email,u1_0.password from users u1_0 where u1_0.email=?
Hibernate: select u1_0.id,u1_0.email,u1_0.password from users u1_0 where u1_0.email=?
Hibernate: select u1_0.id,u1_0.email,u1_0.password from users u1_0 where u1_0.email=?
Hibernate: select u1_0.id,u1_0.email,u1_0.password from users u1_0 where u1_0.email=?
Hibernate: insert into user_profile (bio,created_at,first_name,last_name,username,id) values (?,?,?,?,?,?)
Hibernate: delete from user_profile where id=?
Hibernate: delete from users where id=?
Hibernate: select u1_0.id,u1_0.email,u1_0.password from users u1_0 where u1_0.email=?
]]></system-out>
  <system-err><![CDATA[]]></system-err>
</testsuite>
