<?xml version="1.0" encoding="UTF-8"?>
<testsuite name="com.project.MovieReviewer.MovieReviewerTests" tests="1" skipped="0" failures="0" errors="0" timestamp="2025-06-22T14:40:12.772Z" hostname="Mircea" time="1.539">
  <properties/>
  <testcase name="contextLoads()" classname="com.project.MovieReviewer.MovieReviewerTests" time="1.539"/>
  <system-out><![CDATA[17:39:36.604 [Test worker] INFO org.springframework.test.context.support.AnnotationConfigContextLoaderUtils -- Could not detect default configuration classes for test class [com.project.MovieReviewer.MovieReviewerTests]: MovieReviewerTests does not declare any static, non-private, non-final, nested classes annotated with @Configuration.
17:39:37.374 [Test worker] INFO org.springframework.boot.test.context.SpringBootTestContextBootstrapper -- Found @SpringBootConfiguration com.project.MovieReviewer.MovieReviewerApplication for test class com.project.MovieReviewer.MovieReviewerTests

  .   ____          _            __ _ _
 /\\ / ___'_ __ _ _(_)_ __  __ _ \ \ \ \
( ( )\___ | '_ | '_| | '_ \/ _` | \ \ \ \
 \\/  ___)| |_)| | | | | || (_| |  ) ) ) )
  '  |____| .__|_| |_|_| |_\__, | / / / /
 =========|_|==============|___/=/_/_/_/

 :: Spring Boot ::                (v3.4.5)

2025-06-22T17:39:40.335+03:00  INFO 1036 --- [    Test worker] c.p.MovieReviewer.MovieReviewerTests     : Starting MovieReviewerTests using Java 17.0.15 with PID 1036 (started by misu in /mnt/d/Facultate/Master/Sem II/AWBD/Proiect/MovieReviewer/MovieReviewer-backend)
2025-06-22T17:39:40.338+03:00 DEBUG 1036 --- [    Test worker] c.p.MovieReviewer.MovieReviewerTests     : Running with Spring Boot v3.4.5, Spring v6.2.6
2025-06-22T17:39:40.339+03:00  INFO 1036 --- [    Test worker] c.p.MovieReviewer.MovieReviewerTests     : No active profile set, falling back to 1 default profile: "default"
2025-06-22T17:39:45.533+03:00  INFO 1036 --- [    Test worker] .s.d.r.c.RepositoryConfigurationDelegate : Bootstrapping Spring Data JPA repositories in DEFAULT mode.
2025-06-22T17:39:46.545+03:00  INFO 1036 --- [    Test worker] .s.d.r.c.RepositoryConfigurationDelegate : Finished Spring Data repository scanning in 952 ms. Found 8 JPA repository interfaces.
2025-06-22T17:39:49.315+03:00  INFO 1036 --- [    Test worker] com.zaxxer.hikari.HikariDataSource       : HikariPool-1 - Starting...
2025-06-22T17:39:51.005+03:00  INFO 1036 --- [    Test worker] com.zaxxer.hikari.pool.HikariPool        : HikariPool-1 - Added connection conn0: url=jdbc:h2:mem:f536f7dc-ccc5-4fbe-bb9a-e3ed9edaaba7 user=SA
2025-06-22T17:39:51.021+03:00  INFO 1036 --- [    Test worker] com.zaxxer.hikari.HikariDataSource       : HikariPool-1 - Start completed.
2025-06-22T17:39:51.248+03:00  INFO 1036 --- [    Test worker] o.hibernate.jpa.internal.util.LogHelper  : HHH000204: Processing PersistenceUnitInfo [name: default]
2025-06-22T17:39:51.951+03:00  INFO 1036 --- [    Test worker] org.hibernate.Version                    : HHH000412: Hibernate ORM core version 6.6.13.Final
2025-06-22T17:39:52.328+03:00  INFO 1036 --- [    Test worker] o.h.c.internal.RegionFactoryInitiator    : HHH000026: Second-level cache disabled
2025-06-22T17:39:55.452+03:00  INFO 1036 --- [    Test worker] o.s.o.j.p.SpringPersistenceUnitInfo      : No LoadTimeWeaver setup: ignoring JPA class transformer
2025-06-22T17:39:56.243+03:00  INFO 1036 --- [    Test worker] org.hibernate.orm.connections.pooling    : HHH10001005: Database info:
	Database JDBC URL [Connecting through datasource 'HikariDataSource (HikariPool-1)']
	Database driver: undefined/unknown
	Database version: 2.3.232
	Autocommit mode: undefined/unknown
	Isolation level: undefined/unknown
	Minimum pool size: undefined/unknown
	Maximum pool size: undefined/unknown
2025-06-22T17:40:05.174+03:00  INFO 1036 --- [    Test worker] o.h.e.t.j.p.i.JtaPlatformInitiator       : HHH000489: No JTA platform available (set 'hibernate.transaction.jta.platform' to enable JTA platform integration)
2025-06-22T17:40:05.590+03:00  INFO 1036 --- [    Test worker] j.LocalContainerEntityManagerFactoryBean : Initialized JPA EntityManagerFactory for persistence unit 'default'
2025-06-22T17:40:07.553+03:00  INFO 1036 --- [    Test worker] eAuthenticationProviderManagerConfigurer : Global AuthenticationManager configured with AuthenticationProvider bean with name authenticationProvider
2025-06-22T17:40:07.553+03:00  WARN 1036 --- [    Test worker] r$InitializeUserDetailsManagerConfigurer : Global AuthenticationManager configured with an AuthenticationProvider bean. UserDetailsService beans will not be used by Spring Security for automatically configuring username/password login. Consider removing the AuthenticationProvider bean. Alternatively, consider using the UserDetailsService in a manually instantiated DaoAuthenticationProvider. If the current configuration is intentional, to turn off this warning, increase the logging level of 'org.springframework.security.config.annotation.authentication.configuration.InitializeUserDetailsBeanManagerConfigurer' to ERROR
2025-06-22T17:40:08.557+03:00  WARN 1036 --- [    Test worker] JpaBaseConfiguration$JpaWebConfiguration : spring.jpa.open-in-view is enabled by default. Therefore, database queries may be performed during view rendering. Explicitly configure spring.jpa.open-in-view to disable this warning
2025-06-22T17:40:11.226+03:00  INFO 1036 --- [    Test worker] c.p.MovieReviewer.MovieReviewerTests     : Started MovieReviewerTests in 32.618 seconds (process running for 37.203)
Admin user created: admin@example.com / root
]]></system-out>
  <system-err><![CDATA[]]></system-err>
</testsuite>
