<?xml version="1.0" encoding="UTF-8"?>
<testsuite name="com.project.MovieReviewer.controller.WatchlistControllerIT" tests="3" skipped="0" failures="0" errors="0" timestamp="2025-06-02T20:56:59.239Z" hostname="MIRCEA" time="0.312">
  <properties/>
  <testcase name="addDuplicateToWatchlist_ShouldFail()" classname="com.project.MovieReviewer.controller.WatchlistControllerIT" time="0.109"/>
  <testcase name="addAndRemoveFromWatchlist_Flow()" classname="com.project.MovieReviewer.controller.WatchlistControllerIT" time="0.111"/>
  <testcase name="emptyWatchlistInitially()" classname="com.project.MovieReviewer.controller.WatchlistControllerIT" time="0.091"/>
  <system-out><![CDATA[Hibernate: select u1_0.id,u1_0.email,u1_0.password from users u1_0 where u1_0.email=?
Hibernate: select r1_0.id,r1_0.name from role r1_0 where r1_0.name=?
Hibernate: insert into users (email,password,id) values (?,?,default)
Hibernate: select u1_0.id,u1_0.email,u1_0.password from users u1_0 where u1_0.email=?
Hibernate: select u1_0.id,u1_0.email,u1_0.password from users u1_0 where u1_0.email=?
Hibernate: insert into user_profile (bio,created_at,first_name,last_name,username,id) values (?,?,?,?,?,?)
Hibernate: insert into movies (awards,country,director,external_id,imdb_rating,imdb_votes,language,metascore,plot,poster,rated,released,response,runtime,title,type,writer,release_year,id) values (?,?,?,?,?,?,?,?,?,?,?,?,?,?,?,?,?,?,default)
Hibernate: select u1_0.id,u1_0.email,u1_0.password from users u1_0 where u1_0.email=?
Hibernate: insert into user_role (user_id,role_id) values (?,?)
Hibernate: select w1_0.id,w1_0.date_added,w1_0.movie_id,w1_0.user_id from watchlist w1_0 where w1_0.user_id=? and w1_0.movie_id=?
Hibernate: insert into watchlist (date_added,movie_id,user_id,id) values (?,?,?,default)
Hibernate: select u1_0.id,u1_0.email,u1_0.password from users u1_0 where u1_0.email=?
Hibernate: select w1_0.id,w1_0.date_added,w1_0.movie_id,w1_0.user_id from watchlist w1_0 where w1_0.user_id=? and w1_0.movie_id=?
Hibernate: select u1_0.id,u1_0.email,u1_0.password from users u1_0 where u1_0.email=?
Hibernate: select r1_0.id,r1_0.name from role r1_0 where r1_0.name=?
Hibernate: insert into users (email,password,id) values (?,?,default)
Hibernate: select u1_0.id,u1_0.email,u1_0.password from users u1_0 where u1_0.email=?
Hibernate: select u1_0.id,u1_0.email,u1_0.password from users u1_0 where u1_0.email=?
Hibernate: insert into user_profile (bio,created_at,first_name,last_name,username,id) values (?,?,?,?,?,?)
Hibernate: insert into movies (awards,country,director,external_id,imdb_rating,imdb_votes,language,metascore,plot,poster,rated,released,response,runtime,title,type,writer,release_year,id) values (?,?,?,?,?,?,?,?,?,?,?,?,?,?,?,?,?,?,default)
Hibernate: select u1_0.id,u1_0.email,u1_0.password from users u1_0 where u1_0.email=?
Hibernate: insert into user_role (user_id,role_id) values (?,?)
Hibernate: select w1_0.id,w1_0.date_added,w1_0.movie_id,w1_0.user_id from watchlist w1_0 where w1_0.user_id=? and w1_0.movie_id=?
Hibernate: insert into watchlist (date_added,movie_id,user_id,id) values (?,?,?,default)
Hibernate: select u1_0.id,u1_0.email,u1_0.password from users u1_0 where u1_0.email=?
Hibernate: select w1_0.id,w1_0.date_added,w1_0.movie_id,w1_0.user_id from watchlist w1_0 where w1_0.user_id=?
Hibernate: select u1_0.id,u1_0.email,u1_0.password from users u1_0 where u1_0.email=?
Hibernate: select w1_0.id,w1_0.date_added,w1_0.movie_id,w1_0.user_id from watchlist w1_0 where w1_0.user_id=? and w1_0.movie_id=?
Hibernate: select u1_0.id,u1_0.email,u1_0.password from users u1_0 where u1_0.email=?
Hibernate: delete from watchlist where id=?
Hibernate: select w1_0.id,w1_0.date_added,w1_0.movie_id,w1_0.user_id from watchlist w1_0 where w1_0.user_id=?
Hibernate: select u1_0.id,u1_0.email,u1_0.password from users u1_0 where u1_0.email=?
Hibernate: select r1_0.id,r1_0.name from role r1_0 where r1_0.name=?
Hibernate: insert into users (email,password,id) values (?,?,default)
Hibernate: select u1_0.id,u1_0.email,u1_0.password from users u1_0 where u1_0.email=?
Hibernate: select u1_0.id,u1_0.email,u1_0.password from users u1_0 where u1_0.email=?
Hibernate: insert into user_profile (bio,created_at,first_name,last_name,username,id) values (?,?,?,?,?,?)
Hibernate: insert into movies (awards,country,director,external_id,imdb_rating,imdb_votes,language,metascore,plot,poster,rated,released,response,runtime,title,type,writer,release_year,id) values (?,?,?,?,?,?,?,?,?,?,?,?,?,?,?,?,?,?,default)
Hibernate: select u1_0.id,u1_0.email,u1_0.password from users u1_0 where u1_0.email=?
Hibernate: insert into user_role (user_id,role_id) values (?,?)
Hibernate: select w1_0.id,w1_0.date_added,w1_0.movie_id,w1_0.user_id from watchlist w1_0 where w1_0.user_id=?
]]></system-out>
  <system-err><![CDATA[]]></system-err>
</testsuite>
