<?xml version="1.0" encoding="UTF-8"?>
<testsuite name="com.project.MovieReviewer.MovieReviewerTests" tests="1" skipped="0" failures="0" errors="0" timestamp="2025-05-25T20:00:15.939Z" hostname="Mircea" time="0.005">
  <properties/>
  <testcase name="contextLoads()" classname="com.project.MovieReviewer.MovieReviewerTests" time="0.005"/>
  <system-out><![CDATA[
  .   ____          _            __ _ _
 /\\ / ___'_ __ _ _(_)_ __  __ _ \ \ \ \
( ( )\___ | '_ | '_| | '_ \/ _` | \ \ \ \
 \\/  ___)| |_)| | | | | || (_| |  ) ) ) )
  '  |____| .__|_| |_|_| |_\__, | / / / /
 =========|_|==============|___/=/_/_/_/

 :: Spring Boot ::                (v3.4.5)

2025-05-25T23:00:10.355+03:00  INFO 90164 --- [MovieReviewerTest] [    Test worker] c.p.MovieReviewer.MovieReviewerTests     : Starting MovieReviewerTests using Java 17.0.15 with PID 90164 (started by misu in /mnt/d/Facultate/Proiecte/MovieReviewer)
2025-05-25T23:00:10.355+03:00 DEBUG 90164 --- [MovieReviewerTest] [    Test worker] c.p.MovieReviewer.MovieReviewerTests     : Running with Spring Boot v3.4.5, Spring v6.2.6
2025-05-25T23:00:10.356+03:00  INFO 90164 --- [MovieReviewerTest] [    Test worker] c.p.MovieReviewer.MovieReviewerTests     : No active profile set, falling back to 1 default profile: "default"
2025-05-25T23:00:13.199+03:00  INFO 90164 --- [MovieReviewerTest] [    Test worker] .s.d.r.c.RepositoryConfigurationDelegate : Bootstrapping Spring Data JPA repositories in DEFAULT mode.
2025-05-25T23:00:13.898+03:00  INFO 90164 --- [MovieReviewerTest] [    Test worker] .s.d.r.c.RepositoryConfigurationDelegate : Finished Spring Data repository scanning in 694 ms. Found 8 JPA repository interfaces.
2025-05-25T23:00:14.180+03:00  INFO 90164 --- [MovieReviewerTest] [    Test worker] com.zaxxer.hikari.HikariDataSource       : HikariPool-2 - Starting...
2025-05-25T23:00:14.189+03:00  INFO 90164 --- [MovieReviewerTest] [    Test worker] com.zaxxer.hikari.pool.HikariPool        : HikariPool-2 - Added connection conn10: url=jdbc:h2:mem:a34e8963-96e7-4abc-ac13-3f506f1ed8f7 user=SA
2025-05-25T23:00:14.189+03:00  INFO 90164 --- [MovieReviewerTest] [    Test worker] com.zaxxer.hikari.HikariDataSource       : HikariPool-2 - Start completed.
2025-05-25T23:00:14.213+03:00  INFO 90164 --- [MovieReviewerTest] [    Test worker] o.hibernate.jpa.internal.util.LogHelper  : HHH000204: Processing PersistenceUnitInfo [name: default]
2025-05-25T23:00:14.320+03:00  INFO 90164 --- [MovieReviewerTest] [    Test worker] o.h.c.internal.RegionFactoryInitiator    : HHH000026: Second-level cache disabled
2025-05-25T23:00:14.538+03:00  INFO 90164 --- [MovieReviewerTest] [    Test worker] o.s.o.j.p.SpringPersistenceUnitInfo      : No LoadTimeWeaver setup: ignoring JPA class transformer
2025-05-25T23:00:14.560+03:00  INFO 90164 --- [MovieReviewerTest] [    Test worker] org.hibernate.orm.connections.pooling    : HHH10001005: Database info:
	Database JDBC URL [Connecting through datasource 'HikariDataSource (HikariPool-2)']
	Database driver: undefined/unknown
	Database version: 2.3.232
	Autocommit mode: undefined/unknown
	Isolation level: undefined/unknown
	Minimum pool size: undefined/unknown
	Maximum pool size: undefined/unknown
2025-05-25T23:00:15.357+03:00  INFO 90164 --- [MovieReviewerTest] [    Test worker] o.h.e.t.j.p.i.JtaPlatformInitiator       : HHH000489: No JTA platform available (set 'hibernate.transaction.jta.platform' to enable JTA platform integration)
2025-05-25T23:00:15.387+03:00  INFO 90164 --- [MovieReviewerTest] [    Test worker] j.LocalContainerEntityManagerFactoryBean : Initialized JPA EntityManagerFactory for persistence unit 'default'
2025-05-25T23:00:15.433+03:00  INFO 90164 --- [MovieReviewerTest] [    Test worker] eAuthenticationProviderManagerConfigurer : Global AuthenticationManager configured with AuthenticationProvider bean with name authenticationProvider
2025-05-25T23:00:15.434+03:00  WARN 90164 --- [MovieReviewerTest] [    Test worker] r$InitializeUserDetailsManagerConfigurer : Global AuthenticationManager configured with an AuthenticationProvider bean. UserDetailsService beans will not be used by Spring Security for automatically configuring username/password login. Consider removing the AuthenticationProvider bean. Alternatively, consider using the UserDetailsService in a manually instantiated DaoAuthenticationProvider. If the current configuration is intentional, to turn off this warning, increase the logging level of 'org.springframework.security.config.annotation.authentication.configuration.InitializeUserDetailsBeanManagerConfigurer' to ERROR
2025-05-25T23:00:15.646+03:00  WARN 90164 --- [MovieReviewerTest] [    Test worker] JpaBaseConfiguration$JpaWebConfiguration : spring.jpa.open-in-view is enabled by default. Therefore, database queries may be performed during view rendering. Explicitly configure spring.jpa.open-in-view to disable this warning
2025-05-25T23:00:15.879+03:00  INFO 90164 --- [MovieReviewerTest] [    Test worker] c.p.MovieReviewer.MovieReviewerTests     : Started MovieReviewerTests in 5.683 seconds (process running for 61.604)
Admin user created: admin@example.com / root
]]></system-out>
  <system-err><![CDATA[]]></system-err>
</testsuite>
