<?xml version="1.0" encoding="UTF-8"?>
<testsuite name="com.project.MovieReviewer.MovieReviewerTests" tests="1" skipped="0" failures="0" errors="0" timestamp="2025-06-02T20:56:56.749Z" hostname="MIRCEA" time="0.209">
  <properties/>
  <testcase name="contextLoads()" classname="com.project.MovieReviewer.MovieReviewerTests" time="0.209"/>
  <system-out><![CDATA[23:56:52.477 [Test worker] INFO org.springframework.test.context.support.AnnotationConfigContextLoaderUtils -- Could not detect default configuration classes for test class [com.project.MovieReviewer.MovieReviewerTests]: MovieReviewerTests does not declare any static, non-private, non-final, nested classes annotated with @Configuration.
23:56:52.543 [Test worker] INFO org.springframework.boot.test.context.SpringBootTestContextBootstrapper -- Found @SpringBootConfiguration com.project.MovieReviewer.MovieReviewerApplication for test class com.project.MovieReviewer.MovieReviewerTests

  .   ____          _            __ _ _
 /\\ / ___'_ __ _ _(_)_ __  __ _ \ \ \ \
( ( )\___ | '_ | '_| | '_ \/ _` | \ \ \ \
 \\/  ___)| |_)| | | | | || (_| |  ) ) ) )
  '  |____| .__|_| |_|_| |_\__, | / / / /
 =========|_|==============|___/=/_/_/_/

 :: Spring Boot ::                (v3.4.5)

2025-06-02T23:56:52.786+03:00  INFO 29360 --- [    Test worker] c.p.MovieReviewer.MovieReviewerTests     : Starting MovieReviewerTests using Java 17.0.12 with PID 29360 (started by misui in D:\Facultate\Master\Sem II\AWBD\Proiect\MovieReviewer\MovieReviewer - backend)
2025-06-02T23:56:52.786+03:00 DEBUG 29360 --- [    Test worker] c.p.MovieReviewer.MovieReviewerTests     : Running with Spring Boot v3.4.5, Spring v6.2.6
2025-06-02T23:56:52.787+03:00  INFO 29360 --- [    Test worker] c.p.MovieReviewer.MovieReviewerTests     : No active profile set, falling back to 1 default profile: "default"
2025-06-02T23:56:53.255+03:00  INFO 29360 --- [    Test worker] .s.d.r.c.RepositoryConfigurationDelegate : Bootstrapping Spring Data JPA repositories in DEFAULT mode.
2025-06-02T23:56:53.337+03:00  INFO 29360 --- [    Test worker] .s.d.r.c.RepositoryConfigurationDelegate : Finished Spring Data repository scanning in 75 ms. Found 8 JPA repository interfaces.
2025-06-02T23:56:53.688+03:00  INFO 29360 --- [    Test worker] com.zaxxer.hikari.HikariDataSource       : HikariPool-1 - Starting...
2025-06-02T23:56:53.912+03:00  INFO 29360 --- [    Test worker] com.zaxxer.hikari.pool.HikariPool        : HikariPool-1 - Added connection conn0: url=jdbc:h2:mem:4143ea20-e707-4a93-af7b-ad6e965234fb user=SA
2025-06-02T23:56:53.914+03:00  INFO 29360 --- [    Test worker] com.zaxxer.hikari.HikariDataSource       : HikariPool-1 - Start completed.
2025-06-02T23:56:53.964+03:00  INFO 29360 --- [    Test worker] o.hibernate.jpa.internal.util.LogHelper  : HHH000204: Processing PersistenceUnitInfo [name: default]
2025-06-02T23:56:54.048+03:00  INFO 29360 --- [    Test worker] org.hibernate.Version                    : HHH000412: Hibernate ORM core version 6.6.13.Final
2025-06-02T23:56:54.083+03:00  INFO 29360 --- [    Test worker] o.h.c.internal.RegionFactoryInitiator    : HHH000026: Second-level cache disabled
2025-06-02T23:56:54.223+03:00  INFO 29360 --- [    Test worker] o.s.o.j.p.SpringPersistenceUnitInfo      : No LoadTimeWeaver setup: ignoring JPA class transformer
2025-06-02T23:56:54.259+03:00  INFO 29360 --- [    Test worker] org.hibernate.orm.connections.pooling    : HHH10001005: Database info:
	Database JDBC URL [Connecting through datasource 'HikariDataSource (HikariPool-1)']
	Database driver: undefined/unknown
	Database version: 2.3.232
	Autocommit mode: undefined/unknown
	Isolation level: undefined/unknown
	Minimum pool size: undefined/unknown
	Maximum pool size: undefined/unknown
2025-06-02T23:56:54.804+03:00  INFO 29360 --- [    Test worker] o.h.e.t.j.p.i.JtaPlatformInitiator       : HHH000489: No JTA platform available (set 'hibernate.transaction.jta.platform' to enable JTA platform integration)
2025-06-02T23:56:54.839+03:00  INFO 29360 --- [    Test worker] j.LocalContainerEntityManagerFactoryBean : Initialized JPA EntityManagerFactory for persistence unit 'default'
2025-06-02T23:56:55.383+03:00  INFO 29360 --- [    Test worker] eAuthenticationProviderManagerConfigurer : Global AuthenticationManager configured with AuthenticationProvider bean with name authenticationProvider
2025-06-02T23:56:55.384+03:00  WARN 29360 --- [    Test worker] r$InitializeUserDetailsManagerConfigurer : Global AuthenticationManager configured with an AuthenticationProvider bean. UserDetailsService beans will not be used by Spring Security for automatically configuring username/password login. Consider removing the AuthenticationProvider bean. Alternatively, consider using the UserDetailsService in a manually instantiated DaoAuthenticationProvider. If the current configuration is intentional, to turn off this warning, increase the logging level of 'org.springframework.security.config.annotation.authentication.configuration.InitializeUserDetailsBeanManagerConfigurer' to ERROR
2025-06-02T23:56:55.848+03:00  WARN 29360 --- [    Test worker] JpaBaseConfiguration$JpaWebConfiguration : spring.jpa.open-in-view is enabled by default. Therefore, database queries may be performed during view rendering. Explicitly configure spring.jpa.open-in-view to disable this warning
2025-06-02T23:56:56.553+03:00  INFO 29360 --- [    Test worker] c.p.MovieReviewer.MovieReviewerTests     : Started MovieReviewerTests in 3.928 seconds (process running for 4.581)
Admin user created: admin@example.com / root
]]></system-out>
  <system-err><![CDATA[]]></system-err>
</testsuite>
